0 info it worked if it ends with ok
1 verbose cli [ 'node', '/usr/local/bin/npm', 'uninstall', 'qiniu', '--save' ]
2 info using npm@1.4.28
3 info using node@v0.10.32
4 verbose node_modules/qiniu unbuild
5 info preuninstall qiniu@6.1.3
6 info uninstall qiniu@6.1.3
7 verbose true,/Users/henrybai/src/javascript-sdk/node_modules,/Users/henrybai/src/javascript-sdk/node_modules unbuild qiniu@6.1.3
8 info postuninstall qiniu@6.1.3
9 error Error: EACCES, unlink '/Users/henrybai/src/javascript-sdk/node_modules/qiniu/node_modules/.bin/crc32'
9 error  { [Error: EACCES, unlink '/Users/henrybai/src/javascript-sdk/node_modules/qiniu/node_modules/.bin/crc32']
9 error   errno: 3,
9 error   code: 'EACCES',
9 error   path: '/Users/henrybai/src/javascript-sdk/node_modules/qiniu/node_modules/.bin/crc32' }
10 error Please try running this command again as root/Administrator.
11 error System Darwin 14.4.0
12 error command "node" "/usr/local/bin/npm" "uninstall" "qiniu" "--save"
13 error cwd /Users/henrybai/src/javascript-sdk
14 error node -v v0.10.32
15 error npm -v 1.4.28
16 error path /Users/henrybai/src/javascript-sdk/node_modules/qiniu/node_modules/.bin/crc32
17 error code EACCES
18 error errno 3
19 error stack Error: EACCES, unlink '/Users/henrybai/src/javascript-sdk/node_modules/qiniu/node_modules/.bin/crc32'
20 verbose exit [ 3, true ] 
